Determining if the pthread_create exist failed with the following output:
Change Dir: /home/chen/Desktop/denso_tomato/tomato_process/build-rgbtocloud-Desktop_Qt_5_6_0_GCC_64bit-Default/CMakeFiles/CMakeTmp

Run Build Command:/usr/bin/make "cmTryCompileExec588300961/fast"
/usr/bin/make -f CMakeFiles/cmTryCompileExec588300961.dir/build.make CMakeFiles/cmTryCompileExec588300961.dir/build
make[1]: Entering directory `/home/chen/Desktop/denso_tomato/tomato_process/build-rgbtocloud-Desktop_Qt_5_6_0_GCC_64bit-Default/CMakeFiles/CMakeTmp'
/usr/bin/cmake -E cmake_progress_report /home/chen/Desktop/denso_tomato/tomato_process/build-rgbtocloud-Desktop_Qt_5_6_0_GCC_64bit-Default/CMakeFiles/CMakeTmp/CMakeFiles 1
Building C object CMakeFiles/cmTryCompileExec588300961.dir/CheckSymbolExists.c.o
/usr/bin/cc    -o CMakeFiles/cmTryCompileExec588300961.dir/CheckSymbolExists.c.o   -c /home/chen/Desktop/denso_tomato/tomato_process/build-rgbtocloud-Desktop_Qt_5_6_0_GCC_64bit-Default/CMakeFiles/CMakeTmp/CheckSymbolExists.c
Linking C executable cmTryCompileExec588300961
/usr/bin/cmake -E cmake_link_script CMakeFiles/cmTryCompileExec588300961.dir/link.txt --verbose=1
/usr/bin/cc       CMakeFiles/cmTryCompileExec588300961.dir/CheckSymbolExists.c.o  -o cmTryCompileExec588300961 -rdynamic 
CMakeFiles/cmTryCompileExec588300961.dir/CheckSymbolExists.c.o: In function `main':
CheckSymbolExists.c:(.text+0x16): undefined reference to `pthread_create'
collect2: error: ld returned 1 exit status
make[1]: *** [cmTryCompileExec588300961] Error 1
make[1]: Leaving directory `/home/chen/Desktop/denso_tomato/tomato_process/build-rgbtocloud-Desktop_Qt_5_6_0_GCC_64bit-Default/CMakeFiles/CMakeTmp'
make: *** [cmTryCompileExec588300961/fast] Error 2

File /home/chen/Desktop/denso_tomato/tomato_process/build-rgbtocloud-Desktop_Qt_5_6_0_GCC_64bit-Default/CMakeFiles/CMakeTmp/CheckSymbolExists.c:
/* */
#include <pthread.h>

int main(int argc, char** argv)
{
  (void)argv;
#ifndef pthread_create
  return ((int*)(&pthread_create))[argc];
#else
  (void)argc;
  return 0;
#endif
}

Determining if the function pthread_create exists in the pthreads failed with the following output:
Change Dir: /home/chen/Desktop/denso_tomato/tomato_process/build-rgbtocloud-Desktop_Qt_5_6_0_GCC_64bit-Default/CMakeFiles/CMakeTmp

Run Build Command:/usr/bin/make "cmTryCompileExec400778703/fast"
/usr/bin/make -f CMakeFiles/cmTryCompileExec400778703.dir/build.make CMakeFiles/cmTryCompileExec400778703.dir/build
make[1]: Entering directory `/home/chen/Desktop/denso_tomato/tomato_process/build-rgbtocloud-Desktop_Qt_5_6_0_GCC_64bit-Default/CMakeFiles/CMakeTmp'
/usr/bin/cmake -E cmake_progress_report /home/chen/Desktop/denso_tomato/tomato_process/build-rgbtocloud-Desktop_Qt_5_6_0_GCC_64bit-Default/CMakeFiles/CMakeTmp/CMakeFiles 1
Building C object CMakeFiles/cmTryCompileExec400778703.dir/CheckFunctionExists.c.o
/usr/bin/cc   -DCHECK_FUNCTION_EXISTS=pthread_create   -o CMakeFiles/cmTryCompileExec400778703.dir/CheckFunctionExists.c.o   -c /usr/share/cmake-2.8/Modules/CheckFunctionExists.c
Linking C executable cmTryCompileExec400778703
/usr/bin/cmake -E cmake_link_script CMakeFiles/cmTryCompileExec400778703.dir/link.txt --verbose=1
/usr/bin/cc   -DCHECK_FUNCTION_EXISTS=pthread_create    CMakeFiles/cmTryCompileExec400778703.dir/CheckFunctionExists.c.o  -o cmTryCompileExec400778703 -rdynamic -lpthreads 
/usr/bin/ld: cannot find -lpthreads
collect2: error: ld returned 1 exit status
make[1]: *** [cmTryCompileExec400778703] Error 1
make[1]: Leaving directory `/home/chen/Desktop/denso_tomato/tomato_process/build-rgbtocloud-Desktop_Qt_5_6_0_GCC_64bit-Default/CMakeFiles/CMakeTmp'
make: *** [cmTryCompileExec400778703/fast] Error 2


